This is pdfTeX, Version 3.1415926-2.4-1.40.13 (MiKTeX 2.9) (preloaded format=pdflatex 2013.5.30)  14 JUN 2013 22:55
entering extended mode
**D:/TU/SeminarComputergrafik/Endversion/Seminar-aus-Computergraphik/latex/temp
late.tex

(D:/TU/SeminarComputergrafik/Endversion/Seminar-aus-Computergraphik/latex/templ
ate.tex
LaTeX2e <2011/06/27>
Babel <v3.8m> and hyphenation patterns for english, afrikaans, ancientgreek, ar
abic, armenian, assamese, basque, bengali, bokmal, bulgarian, catalan, coptic, 
croatian, czech, danish, dutch, esperanto, estonian, farsi, finnish, french, ga
lician, german, german-x-2012-05-30, greek, gujarati, hindi, hungarian, iceland
ic, indonesian, interlingua, irish, italian, kannada, kurmanji, latin, latvian,
 lithuanian, malayalam, marathi, mongolian, mongolianlmc, monogreek, ngerman, n
german-x-2012-05-30, nynorsk, oriya, panjabi, pinyin, polish, portuguese, roman
ian, russian, sanskrit, serbian, slovak, slovenian, spanish, swedish, swissgerm
an, tamil, telugu, turkish, turkmen, ukenglish, ukrainian, uppersorbian, usengl
ishmax, welsh, loaded.

(D:\TU\SeminarComputergrafik\Endversion\Seminar-aus-Computergraphik\latex\acmsi
ggraph.cls
Document Class: acmsiggraph 2005/01/22 ACM SIGGRAPH
("C:\Program Files (x86)\MiKTeX 2.9\tex\latex\base\article.cls"
Document Class: article 2007/10/19 v1.4h Standard LaTeX document class
("C:\Program Files (x86)\MiKTeX 2.9\tex\latex\base\size10.clo"
File: size10.clo 2007/10/19 v1.4h Standard LaTeX file (size option)
)
\c@part=\count79
\c@section=\count80
\c@subsection=\count81
\c@subsubsection=\count82
\c@paragraph=\count83
\c@subparagraph=\count84
\c@figure=\count85
\c@table=\count86
\abovecaptionskip=\skip41
\belowcaptionskip=\skip42
\bibindent=\dimen102
)
\bibhang=\skip43
\titlespace=\skip44
\teaserspace=\skip45
\acm@abs=\toks14
\acm@copyrightlength=\skip46
)
("C:\Program Files (x86)\MiKTeX 2.9\tex\latex\psnfss\mathptmx.sty"
Package: mathptmx 2005/04/12 PSNFSS-v9.2a Times w/ Math, improved (SPQR, WaS) 
LaTeX Font Info:    Redeclaring symbol font `operators' on input line 28.
LaTeX Font Info:    Overwriting symbol font `operators' in version `normal'
(Font)                  OT1/cmr/m/n --> OT1/ztmcm/m/n on input line 28.
LaTeX Font Info:    Overwriting symbol font `operators' in version `bold'
(Font)                  OT1/cmr/bx/n --> OT1/ztmcm/m/n on input line 28.
LaTeX Font Info:    Redeclaring symbol font `letters' on input line 29.
LaTeX Font Info:    Overwriting symbol font `letters' in version `normal'
(Font)                  OML/cmm/m/it --> OML/ztmcm/m/it on input line 29.
LaTeX Font Info:    Overwriting symbol font `letters' in version `bold'
(Font)                  OML/cmm/b/it --> OML/ztmcm/m/it on input line 29.
LaTeX Font Info:    Redeclaring symbol font `symbols' on input line 30.
LaTeX Font Info:    Overwriting symbol font `symbols' in version `normal'
(Font)                  OMS/cmsy/m/n --> OMS/ztmcm/m/n on input line 30.
LaTeX Font Info:    Overwriting symbol font `symbols' in version `bold'
(Font)                  OMS/cmsy/b/n --> OMS/ztmcm/m/n on input line 30.
LaTeX Font Info:    Redeclaring symbol font `largesymbols' on input line 31.
LaTeX Font Info:    Overwriting symbol font `largesymbols' in version `normal'
(Font)                  OMX/cmex/m/n --> OMX/ztmcm/m/n on input line 31.
LaTeX Font Info:    Overwriting symbol font `largesymbols' in version `bold'
(Font)                  OMX/cmex/m/n --> OMX/ztmcm/m/n on input line 31.
\symbold=\mathgroup4
\symitalic=\mathgroup5
LaTeX Font Info:    Redeclaring math alphabet \mathbf on input line 34.
LaTeX Font Info:    Overwriting math alphabet `\mathbf' in version `normal'
(Font)                  OT1/cmr/bx/n --> OT1/ptm/bx/n on input line 34.
LaTeX Font Info:    Overwriting math alphabet `\mathbf' in version `bold'
(Font)                  OT1/cmr/bx/n --> OT1/ptm/bx/n on input line 34.
LaTeX Font Info:    Redeclaring math alphabet \mathit on input line 35.
LaTeX Font Info:    Overwriting math alphabet `\mathit' in version `normal'
(Font)                  OT1/cmr/m/it --> OT1/ptm/m/it on input line 35.
LaTeX Font Info:    Overwriting math alphabet `\mathit' in version `bold'
(Font)                  OT1/cmr/bx/it --> OT1/ptm/m/it on input line 35.
LaTeX Info: Redefining \hbar on input line 50.
)
("C:\Program Files (x86)\MiKTeX 2.9\tex\latex\graphics\graphicx.sty"
Package: graphicx 1999/02/16 v1.0f Enhanced LaTeX Graphics (DPC,SPQR)

("C:\Program Files (x86)\MiKTeX 2.9\tex\latex\graphics\keyval.sty"
Package: keyval 1999/03/16 v1.13 key=value parser (DPC)
\KV@toks@=\toks15
)
("C:\Program Files (x86)\MiKTeX 2.9\tex\latex\graphics\graphics.sty"
Package: graphics 2009/02/05 v1.0o Standard LaTeX Graphics (DPC,SPQR)

("C:\Program Files (x86)\MiKTeX 2.9\tex\latex\graphics\trig.sty"
Package: trig 1999/03/16 v1.09 sin cos tan (DPC)
)
("C:\Program Files (x86)\MiKTeX 2.9\tex\latex\00miktex\graphics.cfg"
File: graphics.cfg 2007/01/18 v1.5 graphics configuration of teTeX/TeXLive
)
Package graphics Info: Driver file: pdftex.def on input line 91.

("C:\Program Files (x86)\MiKTeX 2.9\tex\latex\pdftex-def\pdftex.def"
File: pdftex.def 2011/05/27 v0.06d Graphics/color for pdfTeX

("C:\Program Files (x86)\MiKTeX 2.9\tex\generic\oberdiek\infwarerr.sty"
Package: infwarerr 2010/04/08 v1.3 Providing info/warning/error messages (HO)
)
("C:\Program Files (x86)\MiKTeX 2.9\tex\generic\oberdiek\ltxcmds.sty"
Package: ltxcmds 2011/11/09 v1.22 LaTeX kernel commands for general use (HO)
)
\Gread@gobject=\count87
))
\Gin@req@height=\dimen103
\Gin@req@width=\dimen104
)
("C:\Program Files (x86)\MiKTeX 2.9\tex\latex\ltxmisc\parskip.sty"
Package: parskip 2001/04/09 non-zero parskip adjustments
)
(D:\TU\SeminarComputergrafik\Endversion\Seminar-aus-Computergraphik\latex\templ
ate.aux)
LaTeX Font Info:    Checking defaults for OML/cmm/m/it on input line 51.
LaTeX Font Info:    ... okay on input line 51.
LaTeX Font Info:    Checking defaults for T1/cmr/m/n on input line 51.
LaTeX Font Info:    ... okay on input line 51.
LaTeX Font Info:    Checking defaults for OT1/cmr/m/n on input line 51.
LaTeX Font Info:    ... okay on input line 51.
LaTeX Font Info:    Checking defaults for OMS/cmsy/m/n on input line 51.
LaTeX Font Info:    ... okay on input line 51.
LaTeX Font Info:    Checking defaults for OMX/cmex/m/n on input line 51.
LaTeX Font Info:    ... okay on input line 51.
LaTeX Font Info:    Checking defaults for U/cmr/m/n on input line 51.
LaTeX Font Info:    ... okay on input line 51.
LaTeX Font Info:    Try loading font information for OT1+ptm on input line 51.
 ("C:\Program Files (x86)\MiKTeX 2.9\tex\latex\psnfss\ot1ptm.fd"
File: ot1ptm.fd 2001/06/04 font definitions for OT1/ptm.
)
\big@size=\dimen105

("C:\Program Files (x86)\MiKTeX 2.9\tex\context\base\supp-pdf.mkii"
[Loading MPS to PDF converter (version 2006.09.02).]
\scratchcounter=\count88
\scratchdimen=\dimen106
\scratchbox=\box26
\nofMPsegments=\count89
\nofMParguments=\count90
\everyMPshowfont=\toks16
\MPscratchCnt=\count91
\MPscratchDim=\dimen107
\MPnumerator=\count92
\makeMPintoPDFobject=\count93
\everyMPtoPDFconversion=\toks17
)
LaTeX Font Info:    Try loading font information for OT1+ztmcm on input line 56
.
 ("C:\Program Files (x86)\MiKTeX 2.9\tex\latex\psnfss\ot1ztmcm.fd"
File: ot1ztmcm.fd 2000/01/03 Fontinst v1.801 font definitions for OT1/ztmcm.
)
LaTeX Font Info:    Try loading font information for OML+ztmcm on input line 56
.

("C:\Program Files (x86)\MiKTeX 2.9\tex\latex\psnfss\omlztmcm.fd"
File: omlztmcm.fd 2000/01/03 Fontinst v1.801 font definitions for OML/ztmcm.
)
LaTeX Font Info:    Try loading font information for OMS+ztmcm on input line 56
.

("C:\Program Files (x86)\MiKTeX 2.9\tex\latex\psnfss\omsztmcm.fd"
File: omsztmcm.fd 2000/01/03 Fontinst v1.801 font definitions for OMS/ztmcm.
)
LaTeX Font Info:    Try loading font information for OMX+ztmcm on input line 56
.

("C:\Program Files (x86)\MiKTeX 2.9\tex\latex\psnfss\omxztmcm.fd"
File: omxztmcm.fd 2000/01/03 Fontinst v1.801 font definitions for OMX/ztmcm.
)
LaTeX Font Info:    Font shape `OT1/ptm/bx/n' in size <10> not available
(Font)              Font shape `OT1/ptm/b/n' tried instead on input line 56.
LaTeX Font Info:    Font shape `OT1/ptm/bx/n' in size <7.4> not available
(Font)              Font shape `OT1/ptm/b/n' tried instead on input line 56.
LaTeX Font Info:    Font shape `OT1/ptm/bx/n' in size <6> not available
(Font)              Font shape `OT1/ptm/b/n' tried instead on input line 56.
LaTeX Font Info:    Calculating math sizes for size <7.4> on input line 56.
LaTeX Font Info:    Font shape `OT1/ptm/bx/n' in size <5.47603> not available
(Font)              Font shape `OT1/ptm/b/n' tried instead on input line 56.
LaTeX Font Info:    Font shape `OT1/ptm/bx/n' in size <4.44003> not available
(Font)              Font shape `OT1/ptm/b/n' tried instead on input line 56.
LaTeX Font Info:    Font shape `OT1/ptm/bx/n' in size <8> not available
(Font)              Font shape `OT1/ptm/b/n' tried instead on input line 56.
LaTeX Font Info:    Font shape `OT1/ptm/bx/n' in size <5> not available
(Font)              Font shape `OT1/ptm/b/n' tried instead on input line 56.
LaTeX Font Info:    Font shape `OT1/ptm/bx/n' in size <9> not available
(Font)              Font shape `OT1/ptm/b/n' tried instead on input line 80.

(D:\TU\SeminarComputergrafik\Endversion\Seminar-aus-Computergraphik\latex\chapt
ers/introduction.tex
LaTeX Font Info:    Try loading font information for OMS+ptm on input line 28.

("C:\Program Files (x86)\MiKTeX 2.9\tex\latex\psnfss\omsptm.fd"
File: omsptm.fd 
)
LaTeX Font Info:    Font shape `OMS/ptm/m/n' in size <9> not available
(Font)              Font shape `OMS/cmsy/m/n' tried instead on input line 28.
Missing character: There is no § in font ptmr7t!
)
(D:\TU\SeminarComputergrafik\Endversion\Seminar-aus-Computergraphik\latex\chapt
ers/design.tex
LaTeX Font Info:    Font shape `OT1/ptm/bx/n' in size <7> not available
(Font)              Font shape `OT1/ptm/b/n' tried instead on input line 7.

Underfull \hbox (badness 10000) in paragraph at lines 6--26

 []

<figures/metaDeskHardware.jpg, id=1, 493.845pt x 365.365pt>
File: figures/metaDeskHardware.jpg Graphic file (type jpg)

<use figures/metaDeskHardware.jpg>
Package pdftex.def Info: figures/metaDeskHardware.jpg used on input line 35.
(pdftex.def)             Requested size: 354.12144pt x 261.99219pt.
 [1{C:/ProgramData/MiKTeX/2.9/pdftex/config/pdftex.map}


] <figures/metaDesk.jpg, id=12, 223.83624pt x 150.5625pt>
File: figures/metaDesk.jpg Graphic file (type jpg)

<use figures/metaDesk.jpg>
Package pdftex.def Info: figures/metaDesk.jpg used on input line 75.
(pdftex.def)             Requested size: 227.64894pt x 153.1306pt.

Overfull \hbox (26.90923pt too wide) in paragraph at lines 76--76
[]\OT1/ptm/m/n/9 Figure 2: metaDESK www.guillaumeriviere.name/collection/tablet
op.html 
 []

[2 <D:/TU/SeminarComputergrafik/Endversion/Seminar-aus-Computergraphik/latex/fi
gures/metaDesk.jpg>] [3 <D:/TU/SeminarComputergrafik/Endversion/Seminar-aus-Com
putergraphik/latex/figures/metaDeskHardware.jpg>]
<figures/InteractiveTextbook4.jpg, id=19, 356.33125pt x 416.55624pt>
File: figures/InteractiveTextbook4.jpg Graphic file (type jpg)

<use figures/InteractiveTextbook4.jpg>
Package pdftex.def Info: figures/InteractiveTextbook4.jpg used on input line 12
8.
(pdftex.def)             Requested size: 227.64894pt x 266.12473pt.

<figures/InteractiveTextbook.jpg, id=20, 900.36375pt x 648.4225pt>
File: figures/InteractiveTextbook.jpg Graphic file (type jpg)

<use figures/InteractiveTextbook.jpg>
Package pdftex.def Info: figures/InteractiveTextbook.jpg used on input line 151
.
(pdftex.def)             Requested size: 227.64894pt x 163.94553pt.
 [4 <D:/TU/SeminarComputergrafik/Endversion/Seminar-aus-Computergraphik/latex/f
igures/InteractiveTextbook4.jpg> <D:/TU/SeminarComputergrafik/Endversion/Semina
r-aus-Computergraphik/latex/figures/InteractiveTextbook.jpg>]
<figures/TangibleQueryInterfaces.jpg, id=25, 1212.53pt x 739.76375pt>
File: figures/TangibleQueryInterfaces.jpg Graphic file (type jpg)

<use figures/TangibleQueryInterfaces.jpg>
Package pdftex.def Info: figures/TangibleQueryInterfaces.jpg used on input line
 194.
(pdftex.def)             Requested size: 227.64894pt x 138.88596pt.

<figures/TangibleQueryInterfaces3.jpg, id=26, 1311.90125pt x 988.69376pt>
File: figures/TangibleQueryInterfaces3.jpg Graphic file (type jpg)

<use figures/TangibleQueryInterfaces3.jpg>
Package pdftex.def Info: figures/TangibleQueryInterfaces3.jpg used on input lin
e 214.
(pdftex.def)             Requested size: 227.64894pt x 171.56064pt.

<figures/reactable-setup.jpg, id=27, 879.285pt x 684.5575pt>
File: figures/reactable-setup.jpg Graphic file (type jpg)

<use figures/reactable-setup.jpg>
Package pdftex.def Info: figures/reactable-setup.jpg used on input line 221.
(pdftex.def)             Requested size: 354.12144pt x 275.68788pt.
 [5 <D:/TU/SeminarComputergrafik/Endversion/Seminar-aus-Computergraphik/latex/f
igures/TangibleQueryInterfaces.jpg> <D:/TU/SeminarComputergrafik/Endversion/Sem
inar-aus-Computergraphik/latex/figures/TangibleQueryInterfaces3.jpg>] <figures/
reactable2.jpg, id=31, 895.345pt x 554.07pt>
File: figures/reactable2.jpg Graphic file (type jpg)

<use figures/reactable2.jpg>
Package pdftex.def Info: figures/reactable2.jpg used on input line 243.
(pdftex.def)             Requested size: 227.64894pt x 140.87593pt.

<figures/reactable-amoebamarkers.jpg, id=32, 883.3pt x 217.81375pt>
File: figures/reactable-amoebamarkers.jpg Graphic file (type jpg)

<use figures/reactable-amoebamarkers.jpg>
Package pdftex.def Info: figures/reactable-amoebamarkers.jpg used on input line
 256.
(pdftex.def)             Requested size: 227.64894pt x 56.13501pt.
 [6 <D:/TU/SeminarComputergrafik/Endversion/Seminar-aus-Computergraphik/latex/f
igures/reactable-setup.jpg> <D:/TU/SeminarComputergrafik/Endversion/Seminar-aus
-Computergraphik/latex/figures/reactable2.jpg> <D:/TU/SeminarComputergrafik/End
version/Seminar-aus-Computergraphik/latex/figures/reactable-amoebamarkers.jpg>]

<figures/reactable-shapes.jpg, id=36, 929.4725pt x 866.23625pt>
File: figures/reactable-shapes.jpg Graphic file (type jpg)

<use figures/reactable-shapes.jpg>
Package pdftex.def Info: figures/reactable-shapes.jpg used on input line 272.
(pdftex.def)             Requested size: 227.64894pt x 212.15704pt.


LaTeX Warning: Citation 'underkoffler98' on page 7 undefined on input line 289.


<figures/urp-fluid.jpg, id=37, 762.85pt x 592.2125pt>
File: figures/urp-fluid.jpg Graphic file (type jpg)

<use figures/urp-fluid.jpg>
Package pdftex.def Info: figures/urp-fluid.jpg used on input line 295.
(pdftex.def)             Requested size: 227.64894pt x 176.72533pt.
 [7 <D:/TU/SeminarComputergrafik/Endversion/Seminar-aus-Computergraphik/latex/f
igures/reactable-shapes.jpg> <D:/TU/SeminarComputergrafik/Endversion/Seminar-au
s-Computergraphik/latex/figures/urp-fluid.jpg>]
<figures/urp-shadow.jpg, id=42, 490.83376pt x 536.0025pt>
File: figures/urp-shadow.jpg Graphic file (type jpg)

<use figures/urp-shadow.jpg>
Package pdftex.def Info: figures/urp-shadow.jpg used on input line 318.
(pdftex.def)             Requested size: 227.64894pt x 248.59247pt.

<figures/tangibleInteraction.png, id=43, 568.1225pt x 363.3575pt>
File: figures/tangibleInteraction.png Graphic file (type png)

<use figures/tangibleInteraction.png>
Package pdftex.def Info: figures/tangibleInteraction.png used on input line 353
.
(pdftex.def)             Requested size: 227.64894pt x 145.601pt.
)
(D:\TU\SeminarComputergrafik\Endversion\Seminar-aus-Computergraphik\latex\chapt
ers/examples.tex [8 <D:/TU/SeminarComputergrafik/Endversion/Seminar-aus-Compute
rgraphik/latex/figures/urp-shadow.jpg> <D:/TU/SeminarComputergrafik/Endversion/
Seminar-aus-Computergraphik/latex/figures/tangibleInteraction.png (PNG copy)>]
<figures/reactable.pdf, id=47, 234.1548pt x 124.18394pt>
File: figures/reactable.pdf Graphic file (type pdf)

<use figures/reactable.pdf>
Package pdftex.def Info: figures/reactable.pdf used on input line 15.
(pdftex.def)             Requested size: 237.7689pt x 126.10693pt.

<figures/tarboard.jpg, id=48, 219.68642pt x 138.7584pt>
File: figures/tarboard.jpg Graphic file (type jpg)

<use figures/tarboard.jpg>
Package pdftex.def Info: figures/tarboard.jpg used on input line 29.
(pdftex.def)             Requested size: 237.7689pt x 150.18712pt.
 [9 <D:/TU/SeminarComputergrafik/Endversion/Seminar-aus-Computergraphik/latex/f
igures/reactable.pdf> <D:/TU/SeminarComputergrafik/Endversion/Seminar-aus-Compu
tergraphik/latex/figures/tarboard.jpg>]
<figures/urp.jpg, id=130, 230.8625pt x 171.27pt>
File: figures/urp.jpg Graphic file (type jpg)
 <use figures/urp.jpg>
Package pdftex.def Info: figures/urp.jpg used on input line 48.
(pdftex.def)             Requested size: 237.7689pt x 176.39436pt.

<figures/luminous_table.pdf, id=131, 256.96pt x 128.48pt>
File: figures/luminous_table.pdf Graphic file (type pdf)

<use figures/luminous_table.pdf>
Package pdftex.def Info: figures/luminous_table.pdf used on input line 69.
(pdftex.def)             Requested size: 237.7689pt x 118.8872pt.
 [10 <D:/TU/SeminarComputergrafik/Endversion/Seminar-aus-Computergraphik/latex/
figures/urp.jpg> <D:/TU/SeminarComputergrafik/Endversion/Seminar-aus-Computergr
aphik/latex/figures/luminous_table.pdf>]
<figures/portico.jpg, id=168, 231.6998pt x 157.97714pt>
File: figures/portico.jpg Graphic file (type jpg)

<use figures/portico.jpg>
Package pdftex.def Info: figures/portico.jpg used on input line 84.
(pdftex.def)             Requested size: 237.7689pt x 162.12286pt.

<figures/paperwindows.jpg, id=169, 222.36923pt x 165.97894pt>
File: figures/paperwindows.jpg Graphic file (type jpg)

<use figures/paperwindows.jpg>
Package pdftex.def Info: figures/paperwindows.jpg used on input line 96.
(pdftex.def)             Requested size: 237.7689pt x 177.4792pt.
)
(D:\TU\SeminarComputergrafik\Endversion\Seminar-aus-Computergraphik\latex\chapt
ers/visualization.tex
Underfull \vbox (badness 2478) has occurred while \output is active []


<figures/tangible_views.png, id=170, 502.87875pt x 142.5325pt>
File: figures/tangible_views.png Graphic file (type png)

<use figures/tangible_views.png>
Package pdftex.def Info: figures/tangible_views.png used on input line 9.
(pdftex.def)             Requested size: 480.59395pt x 136.21631pt.
 [11 <D:/TU/SeminarComputergrafik/Endversion/Seminar-aus-Computergraphik/latex/
figures/portico.jpg> <D:/TU/SeminarComputergrafik/Endversion/Seminar-aus-Comput
ergraphik/latex/figures/paperwindows.jpg>]
[12 <D:/TU/SeminarComputergrafik/Endversion/Seminar-aus-Computergraphik/latex/f
igures/tangible_views.png (PNG copy)>]
<figures/tangible_views_interaction.pdf, id=177, 516.93124pt x 210.7875pt>
File: figures/tangible_views_interaction.pdf Graphic file (type pdf)

<use figures/tangible_views_interaction.pdf>
Package pdftex.def Info: figures/tangible_views_interaction.pdf used on input l
ine 43.
(pdftex.def)             Requested size: 505.89pt x 206.29373pt.

<figures/sti.jpg, id=178, 134.62686pt x 114.80057pt>
File: figures/sti.jpg Graphic file (type jpg)
 <use figures/sti.jpg>
Package pdftex.def Info: figures/sti.jpg used on input line 53.
(pdftex.def)             Requested size: 237.7689pt x 202.75377pt.

<figures/gnome.jpg, id=179, 240.79549pt x 180.59662pt>
File: figures/gnome.jpg Graphic file (type jpg)
 <use figures/gnome.jpg>
Package pdftex.def Info: figures/gnome.jpg used on input line 70.
(pdftex.def)             Requested size: 237.7689pt x 178.3365pt.

[13 <D:/TU/SeminarComputergrafik/Endversion/Seminar-aus-Computergraphik/latex/f
igures/sti.jpg> <D:/TU/SeminarComputergrafik/Endversion/Seminar-aus-Computergra
phik/latex/figures/gnome.jpg>])
(D:\TU\SeminarComputergrafik\Endversion\Seminar-aus-Computergraphik\latex\chapt
ers/discussion.tex
Underfull \vbox (badness 1924) has occurred while \output is active []

 [14 <D:/TU/SeminarComputergrafik/Endversion/Seminar-aus-Computergraphik/latex/
figures/tangible_views_interaction.pdf>])
(D:\TU\SeminarComputergrafik\Endversion\Seminar-aus-Computergraphik\latex\chapt
ers/conclusion.tex
<figures/augmented_chemistry.jpg, id=249, 238.41649pt x 182.57684pt>
File: figures/augmented_chemistry.jpg Graphic file (type jpg)

<use figures/augmented_chemistry.jpg>
Package pdftex.def Info: figures/augmented_chemistry.jpg used on input line 9.
(pdftex.def)             Requested size: 237.7689pt x 182.08606pt.
)
(D:\TU\SeminarComputergrafik\Endversion\Seminar-aus-Computergraphik\latex\templ
ate.bbl [15 <D:/TU/SeminarComputergrafik/Endversion/Seminar-aus-Computergraphik
/latex/figures/augmented_chemistry.jpg>]
Underfull \hbox (badness 6125) in paragraph at lines 126--131
[]\OT1/ptm/m/sc/9 Spindler, M., Tomin-ski, C., Schu-mann, H., and
 []

) [16]
(D:\TU\SeminarComputergrafik\Endversion\Seminar-aus-Computergraphik\latex\templ
ate.aux) ) 
Here is how much of TeX's memory you used:
 1626 strings out of 493921
 25484 string characters out of 3144873
 82495 words of memory out of 3000000
 4863 multiletter control sequences out of 15000+200000
 48545 words of font info for 104 fonts, out of 3000000 for 9000
 841 hyphenation exceptions out of 8191
 35i,15n,22p,1080b,327s stack positions out of 5000i,500n,10000p,200000b,50000s
{C:/Program Files (x86)/MiKTeX 2.9/fonts/enc/dvips/fontname/8r.enc}<C
:/Program Files (x86)/MiKTeX 2.9/fonts/type1/public/amsfonts/cm/cmssbx10.pfb><C
:/Program Files (x86)/MiKTeX 2.9/fonts/type1/public/amsfonts/cm/cmsy10.pfb><C:/
Program Files (x86)/MiKTeX 2.9/fonts/type1/public/amsfonts/cm/cmsy9.pfb><C:/Pro
gram Files (x86)/MiKTeX 2.9/fonts/type1/urw/symbol/usyr.pfb><C:/Program Files (
x86)/MiKTeX 2.9/fonts/type1/urw/times/utmb8a.pfb><C:/Program Files (x86)/MiKTeX
 2.9/fonts/type1/urw/times/utmr8a.pfb><C:/Program Files (x86)/MiKTeX 2.9/fonts/
type1/urw/times/utmri8a.pfb>
Output written on template.pdf (16 pages, 7086834 bytes).
PDF statistics:
 280 PDF objects out of 1000 (max. 8388607)
 0 named destinations out of 1000 (max. 500000)
 121 words of extra memory for PDF output out of 10000 (max. 10000000)

